0 info it worked if it ends with ok
1 verbose cli [ '/usr/bin/nodejs', '/usr/bin/npm', 'run', 'watch' ]
2 info using npm@3.9.5
3 info using node@v6.2.0
4 verbose run-script [ 'prewatch', 'watch', 'postwatch' ]
5 info lifecycle client@1.0.0~prewatch: client@1.0.0
6 silly lifecycle client@1.0.0~prewatch: no script for prewatch, continuing
7 info lifecycle client@1.0.0~watch: client@1.0.0
8 verbose lifecycle client@1.0.0~watch: unsafe-perm in lifecycle true
9 verbose lifecycle client@1.0.0~watch: PATH: /usr/lib/node_modules/npm/bin/node-gyp-bin:/mnt/91pintuan/endpoint/wx_client2/node_modules/.bin:/usr/bin:/usr/local/sbin:/usr/local/bin:/usr/sbin:/usr/bin:/sbin:/bin:/usr/games:/usr/local/games
10 verbose lifecycle client@1.0.0~watch: CWD: /mnt/91pintuan/endpoint/wx_client2
11 silly lifecycle client@1.0.0~watch: Args: [ '-c', 'npm run riot-hot-reload' ]
12 silly lifecycle client@1.0.0~watch: Returned: code: 1  signal: null
13 info lifecycle client@1.0.0~watch: Failed to exec watch script
14 verbose stack Error: client@1.0.0 watch: `npm run riot-hot-reload`
14 verbose stack Exit status 1
14 verbose stack     at EventEmitter.<anonymous> (/usr/lib/node_modules/npm/lib/utils/lifecycle.js:245:16)
14 verbose stack     at emitTwo (events.js:106:13)
14 verbose stack     at EventEmitter.emit (events.js:191:7)
14 verbose stack     at ChildProcess.<anonymous> (/usr/lib/node_modules/npm/lib/utils/spawn.js:24:14)
14 verbose stack     at emitTwo (events.js:106:13)
14 verbose stack     at ChildProcess.emit (events.js:191:7)
14 verbose stack     at maybeClose (internal/child_process.js:850:16)
14 verbose stack     at Process.ChildProcess._handle.onexit (internal/child_process.js:215:5)
15 verbose pkgid client@1.0.0
16 verbose cwd /mnt/91pintuan/endpoint/wx_client2/client/app1
17 error Linux 3.13.0-32-generic
18 error argv "/usr/bin/nodejs" "/usr/bin/npm" "run" "watch"
19 error node v6.2.0
20 error npm  v3.9.5
21 error code ELIFECYCLE
22 error client@1.0.0 watch: `npm run riot-hot-reload`
22 error Exit status 1
23 error Failed at the client@1.0.0 watch script 'npm run riot-hot-reload'.
23 error Make sure you have the latest version of node.js and npm installed.
23 error If you do, this is most likely a problem with the client package,
23 error not with npm itself.
23 error Tell the author that this fails on your system:
23 error     npm run riot-hot-reload
23 error You can get information on how to open an issue for this project with:
23 error     npm bugs client
23 error Or if that isn't available, you can get their info via:
23 error     npm owner ls client
23 error There is likely additional logging output above.
24 verbose exit [ 1, true ]
